<?xml version="1.0" encoding="UTF-8"?>
<!-- Generated by org.testng.reporters.JUnitReportReporter -->
<testsuite hostname="Gurpreets-MacBook.local" failures="0" tests="1" name="com.maven.MavenTest" time="0.030" errors="0" timestamp="02 Dec 2018 16:59:40 GMT" skipped="0">
  <testcase classname="com.maven.MavenTest" name="hello" time="0.030"/>
</testsuite> <!-- com.maven.MavenTest -->
